  [1m[36mActiveRecord::SchemaMigration Pluck (0.2ms)[0m  [1m[34mSELECT "schema_migrations"."version" FROM "schema_migrations" ORDER BY "schema_migrations"."version" ASC[0m
  [1m[36mActiveRecord::InternalMetadata Pluck (0.1ms)[0m  [1m[34mSELECT "ar_internal_metadata"."value" FROM "ar_internal_metadata" WHERE "ar_internal_metadata"."key" = ? LIMIT ?[0m  [["key", "environment"], ["LIMIT", 1]]
  [1m[36mActiveRecord::SchemaMigration Pluck (0.1ms)[0m  [1m[34mSELECT "schema_migrations"."version" FROM "schema_migrations" ORDER BY "schema_migrations"."version" ASC[0m
  [1m[36mActiveRecord::InternalMetadata Pluck (0.1ms)[0m  [1m[34mSELECT "ar_internal_metadata"."value" FROM "ar_internal_metadata" WHERE "ar_internal_metadata"."key" = ? LIMIT ?[0m  [["key", "environment"], ["LIMIT", 1]]
  [1m[36mActiveRecord::SchemaMigration Pluck (0.1ms)[0m  [1m[34mSELECT "schema_migrations"."version" FROM "schema_migrations" ORDER BY "schema_migrations"."version" ASC[0m
  [1m[36mActiveRecord::InternalMetadata Pluck (0.1ms)[0m  [1m[34mSELECT "ar_internal_metadata"."value" FROM "ar_internal_metadata" WHERE "ar_internal_metadata"."key" = ? LIMIT ?[0m  [["key", "environment"], ["LIMIT", 1]]
  [1m[35m (4.7ms)[0m  [1m[35mCREATE TABLE "schema_migrations" ("version" varchar NOT NULL PRIMARY KEY)[0m
  [1m[35m (4.5ms)[0m  [1m[35mCREATE TABLE "ar_internal_metadata" ("key" varchar NOT NULL PRIMARY KEY, "value" varchar, "created_at" datetime(6) NOT NULL, "updated_at" datetime(6) NOT NULL)[0m
  [1m[36mActiveRecord::SchemaMigration Pluck (0.2ms)[0m  [1m[34mSELECT "schema_migrations"."version" FROM "schema_migrations" ORDER BY "schema_migrations"."version" ASC[0m
Migrating to CreateBranches (20221124182705)
  [1m[36mTRANSACTION (0.0ms)[0m  [1m[36mbegin transaction[0m
  [1m[35m (0.3ms)[0m  [1m[35mCREATE TABLE "branches" ("id" integer PRIMARY KEY AUTOINCREMENT NOT NULL, "name" varchar, "address" varchar, "telephone" integer, "created_at" datetime(6) NOT NULL, "updated_at" datetime(6) NOT NULL)[0m
  [1m[36mActiveRecord::SchemaMigration Create (0.2ms)[0m  [1m[32mINSERT INTO "schema_migrations" ("version") VALUES (?)[0m  [["version", "20221124182705"]]
  [1m[36mTRANSACTION (4.8ms)[0m  [1m[36mcommit transaction[0m
Migrating to CreateSchedules (20221124182844)
  [1m[36mTRANSACTION (0.1ms)[0m  [1m[36mbegin transaction[0m
  [1m[35m (0.3ms)[0m  [1m[35mCREATE TABLE "schedules" ("id" integer PRIMARY KEY AUTOINCREMENT NOT NULL, "branch_id" integer NOT NULL, "day" varchar, "start_time" time, "end_time" time, "created_at" datetime(6) NOT NULL, "updated_at" datetime(6) NOT NULL, CONSTRAINT "fk_rails_89fc3319d8"
FOREIGN KEY ("branch_id")
  REFERENCES "branches" ("id")
)[0m
  [1m[35m (0.1ms)[0m  [1m[35mCREATE INDEX "index_schedules_on_branch_id" ON "schedules" ("branch_id")[0m
  [1m[36mActiveRecord::SchemaMigration Create (0.1ms)[0m  [1m[32mINSERT INTO "schema_migrations" ("version") VALUES (?)[0m  [["version", "20221124182844"]]
  [1m[36mTRANSACTION (4.5ms)[0m  [1m[36mcommit transaction[0m
Migrating to AddUniqueToBranchName (20221124211118)
  [1m[36mTRANSACTION (0.1ms)[0m  [1m[36mbegin transaction[0m
  [1m[35m (0.3ms)[0m  [1m[35mCREATE UNIQUE INDEX "index_branches_on_name" ON "branches" ("name")[0m
  [1m[36mActiveRecord::SchemaMigration Create (0.2ms)[0m  [1m[32mINSERT INTO "schema_migrations" ("version") VALUES (?)[0m  [["version", "20221124211118"]]
  [1m[36mTRANSACTION (4.9ms)[0m  [1m[36mcommit transaction[0m
Migrating to DeviseCreateUsers (20221125194805)
  [1m[36mTRANSACTION (0.1ms)[0m  [1m[36mbegin transaction[0m
  [1m[35m (0.3ms)[0m  [1m[35mCREATE TABLE "users" ("id" integer PRIMARY KEY AUTOINCREMENT NOT NULL, "branch_id" integer, "role" integer DEFAULT 0 NOT NULL, "email" varchar DEFAULT '' NOT NULL, "encrypted_password" varchar DEFAULT '' NOT NULL, "reset_password_token" varchar, "reset_password_sent_at" datetime(6), "remember_created_at" datetime(6), "sign_in_count" integer DEFAULT 0 NOT NULL, "current_sign_in_at" datetime(6), "last_sign_in_at" datetime(6), "current_sign_in_ip" varchar, "last_sign_in_ip" varchar, "created_at" datetime(6) NOT NULL, "updated_at" datetime(6) NOT NULL, CONSTRAINT "fk_rails_bda81e12f5"
FOREIGN KEY ("branch_id")
  REFERENCES "branches" ("id")
)[0m
  [1m[35m (0.1ms)[0m  [1m[35mCREATE INDEX "index_users_on_branch_id" ON "users" ("branch_id")[0m
  [1m[35m (0.1ms)[0m  [1m[35mCREATE UNIQUE INDEX "index_users_on_email" ON "users" ("email")[0m
  [1m[35m (0.2ms)[0m  [1m[35mCREATE UNIQUE INDEX "index_users_on_reset_password_token" ON "users" ("reset_password_token")[0m
  [1m[36mActiveRecord::SchemaMigration Create (0.2ms)[0m  [1m[32mINSERT INTO "schema_migrations" ("version") VALUES (?)[0m  [["version", "20221125194805"]]
  [1m[36mTRANSACTION (3.9ms)[0m  [1m[36mcommit transaction[0m
Migrating to CreateAppointments (20221130151833)
  [1m[36mTRANSACTION (0.1ms)[0m  [1m[36mbegin transaction[0m
  [1m[35m (0.3ms)[0m  [1m[35mCREATE TABLE "appointments" ("id" integer PRIMARY KEY AUTOINCREMENT NOT NULL, "branch_id" integer NOT NULL, "user_id" integer NOT NULL, "date" datetime(6), "reason" varchar, "status" integer, "comment" text, "staff_id" integer, "created_at" datetime(6) NOT NULL, "updated_at" datetime(6) NOT NULL, CONSTRAINT "fk_rails_371e9c5d00"
FOREIGN KEY ("branch_id")
  REFERENCES "branches" ("id")
, CONSTRAINT "fk_rails_9e31213785"
FOREIGN KEY ("user_id")
  REFERENCES "users" ("id")
, CONSTRAINT "fk_rails_f12b4466b7"
FOREIGN KEY ("staff_id")
  REFERENCES "users" ("id")
)[0m
  [1m[35m (0.1ms)[0m  [1m[35mCREATE INDEX "index_appointments_on_branch_id" ON "appointments" ("branch_id")[0m
  [1m[35m (0.1ms)[0m  [1m[35mCREATE INDEX "index_appointments_on_user_id" ON "appointments" ("user_id")[0m
  [1m[35m (0.2ms)[0m  [1m[35mCREATE INDEX "index_appointments_on_staff_id" ON "appointments" ("staff_id")[0m
  [1m[36mActiveRecord::SchemaMigration Create (0.3ms)[0m  [1m[32mINSERT INTO "schema_migrations" ("version") VALUES (?)[0m  [["version", "20221130151833"]]
  [1m[36mTRANSACTION (5.8ms)[0m  [1m[36mcommit transaction[0m
  [1m[36mActiveRecord::InternalMetadata Load (0.3ms)[0m  [1m[34mSELECT "ar_internal_metadata".* FROM "ar_internal_metadata" WHERE "ar_internal_metadata"."key" = ? LIMIT ?[0m  [["key", "environment"], ["LIMIT", 1]]
  [1m[36mTRANSACTION (0.1ms)[0m  [1m[36mbegin transaction[0m
  [1m[36mActiveRecord::InternalMetadata Create (0.3ms)[0m  [1m[32mINSERT INTO "ar_internal_metadata" ("key", "value", "created_at", "updated_at") VALUES (?, ?, ?, ?)[0m  [["key", "environment"], ["value", "development"], ["created_at", "2022-11-30 14:05:10.277419"], ["updated_at", "2022-11-30 14:05:10.277419"]]
  [1m[36mTRANSACTION (4.4ms)[0m  [1m[36mcommit transaction[0m
  [1m[36mActiveRecord::SchemaMigration Pluck (0.1ms)[0m  [1m[34mSELECT "schema_migrations"."version" FROM "schema_migrations" ORDER BY "schema_migrations"."version" ASC[0m
  [1m[36mActiveRecord::SchemaMigration Pluck (0.1ms)[0m  [1m[34mSELECT "schema_migrations"."version" FROM "schema_migrations" ORDER BY "schema_migrations"."version" ASC[0m
  [1m[36mTRANSACTION (0.1ms)[0m  [1m[36mbegin transaction[0m
  [1m[36mBranch Create (0.4ms)[0m  [1m[32mINSERT INTO "branches" ("name", "address", "telephone", "created_at", "updated_at") VALUES (?, ?, ?, ?, ?)[0m  [["name", "Sporer-Raynor"], ["address", "Suite 919 56267 Lubowitz Pike, Lake Shermanburgh, ID 24843"], ["telephone", 0], ["created_at", "2022-11-30 14:05:13.197470"], ["updated_at", "2022-11-30 14:05:13.197470"]]
  [1m[36mTRANSACTION (4.8ms)[0m  [1m[36mcommit transaction[0m
  [1m[36mTRANSACTION (0.1ms)[0m  [1m[36mbegin transaction[0m
  [1m[36mBranch Load (0.2ms)[0m  [1m[34mSELECT "branches".* FROM "branches" WHERE "branches"."id" = ? LIMIT ?[0m  [["id", 1], ["LIMIT", 1]]
  [1m[36mSchedule Exists? (0.1ms)[0m  [1m[34mSELECT 1 AS one FROM "schedules" WHERE "schedules"."day" = ? AND "schedules"."branch_id" = ? LIMIT ?[0m  [["day", "Domingo"], ["branch_id", 1], ["LIMIT", 1]]
  [1m[36mSchedule Create (0.7ms)[0m  [1m[32mINSERT INTO "schedules" ("branch_id", "day", "start_time", "end_time", "created_at", "updated_at") VALUES (?, ?, ?, ?, ?, ?)[0m  [["branch_id", 1], ["day", "Domingo"], ["start_time", "2000-01-01 08:00:00"], ["end_time", "2000-01-01 15:00:00"], ["created_at", "2022-11-30 14:05:13.250058"], ["updated_at", "2022-11-30 14:05:13.250058"]]
  [1m[36mTRANSACTION (4.9ms)[0m  [1m[36mcommit transaction[0m
  [1m[36mTRANSACTION (0.1ms)[0m  [1m[36mbegin transaction[0m
  [1m[36mBranch Load (0.1ms)[0m  [1m[34mSELECT "branches".* FROM "branches" WHERE "branches"."id" = ? LIMIT ?[0m  [["id", 1], ["LIMIT", 1]]
  [1m[36mSchedule Exists? (0.3ms)[0m  [1m[34mSELECT 1 AS one FROM "schedules" WHERE "schedules"."day" = ? AND "schedules"."branch_id" = ? LIMIT ?[0m  [["day", "Sabado"], ["branch_id", 1], ["LIMIT", 1]]
  [1m[36mSchedule Create (0.4ms)[0m  [1m[32mINSERT INTO "schedules" ("branch_id", "day", "start_time", "end_time", "created_at", "updated_at") VALUES (?, ?, ?, ?, ?, ?)[0m  [["branch_id", 1], ["day", "Sabado"], ["start_time", "2000-01-01 11:00:00"], ["end_time", "2000-01-01 14:00:00"], ["created_at", "2022-11-30 14:05:13.272054"], ["updated_at", "2022-11-30 14:05:13.272054"]]
  [1m[36mTRANSACTION (4.5ms)[0m  [1m[36mcommit transaction[0m
  [1m[36mTRANSACTION (0.3ms)[0m  [1m[36mbegin transaction[0m
  [1m[36mBranch Load (0.2ms)[0m  [1m[34mSELECT "branches".* FROM "branches" WHERE "branches"."id" = ? LIMIT ?[0m  [["id", 1], ["LIMIT", 1]]
  [1m[36mSchedule Exists? (0.2ms)[0m  [1m[34mSELECT 1 AS one FROM "schedules" WHERE "schedules"."day" = ? AND "schedules"."branch_id" = ? LIMIT ?[0m  [["day", "Viernes"], ["branch_id", 1], ["LIMIT", 1]]
  [1m[36mSchedule Create (0.3ms)[0m  [1m[32mINSERT INTO "schedules" ("branch_id", "day", "start_time", "end_time", "created_at", "updated_at") VALUES (?, ?, ?, ?, ?, ?)[0m  [["branch_id", 1], ["day", "Viernes"], ["start_time", "2000-01-01 10:00:00"], ["end_time", "2000-01-01 13:00:00"], ["created_at", "2022-11-30 14:05:13.296772"], ["updated_at", "2022-11-30 14:05:13.296772"]]
  [1m[36mTRANSACTION (4.5ms)[0m  [1m[36mcommit transaction[0m
  [1m[36mTRANSACTION (0.1ms)[0m  [1m[36mbegin transaction[0m
  [1m[36mBranch Load (0.2ms)[0m  [1m[34mSELECT "branches".* FROM "branches" WHERE "branches"."id" = ? LIMIT ?[0m  [["id", 1], ["LIMIT", 1]]
  [1m[36mSchedule Exists? (0.2ms)[0m  [1m[34mSELECT 1 AS one FROM "schedules" WHERE "schedules"."day" = ? AND "schedules"."branch_id" = ? LIMIT ?[0m  [["day", "Jueves"], ["branch_id", 1], ["LIMIT", 1]]
  [1m[36mSchedule Create (0.4ms)[0m  [1m[32mINSERT INTO "schedules" ("branch_id", "day", "start_time", "end_time", "created_at", "updated_at") VALUES (?, ?, ?, ?, ?, ?)[0m  [["branch_id", 1], ["day", "Jueves"], ["start_time", "2000-01-01 10:00:00"], ["end_time", "2000-01-01 17:00:00"], ["created_at", "2022-11-30 14:05:13.317909"], ["updated_at", "2022-11-30 14:05:13.317909"]]
  [1m[36mTRANSACTION (4.6ms)[0m  [1m[36mcommit transaction[0m
  [1m[36mTRANSACTION (0.1ms)[0m  [1m[36mbegin transaction[0m
  [1m[36mBranch Load (0.2ms)[0m  [1m[34mSELECT "branches".* FROM "branches" WHERE "branches"."id" = ? LIMIT ?[0m  [["id", 1], ["LIMIT", 1]]
  [1m[36mSchedule Exists? (0.1ms)[0m  [1m[34mSELECT 1 AS one FROM "schedules" WHERE "schedules"."day" = ? AND "schedules"."branch_id" = ? LIMIT ?[0m  [["day", "Miercoles"], ["branch_id", 1], ["LIMIT", 1]]
  [1m[36mSchedule Create (0.2ms)[0m  [1m[32mINSERT INTO "schedules" ("branch_id", "day", "start_time", "end_time", "created_at", "updated_at") VALUES (?, ?, ?, ?, ?, ?)[0m  [["branch_id", 1], ["day", "Miercoles"], ["start_time", "2000-01-01 09:00:00"], ["end_time", "2000-01-01 16:00:00"], ["created_at", "2022-11-30 14:05:13.337413"], ["updated_at", "2022-11-30 14:05:13.337413"]]
  [1m[36mTRANSACTION (5.1ms)[0m  [1m[36mcommit transaction[0m
  [1m[36mTRANSACTION (0.1ms)[0m  [1m[36mbegin transaction[0m
  [1m[36mBranch Create (0.5ms)[0m  [1m[32mINSERT INTO "branches" ("name", "address", "telephone", "created_at", "updated_at") VALUES (?, ?, ?, ?, ?)[0m  [["name", "Nolan and Sons"], ["address", "Apt. 450 4981 Wendell Springs, Lake Monikastad, NE 90957-5281"], ["telephone", 753], ["created_at", "2022-11-30 14:05:13.352068"], ["updated_at", "2022-11-30 14:05:13.352068"]]
  [1m[36mTRANSACTION (4.9ms)[0m  [1m[36mcommit transaction[0m
  [1m[36mTRANSACTION (0.1ms)[0m  [1m[36mbegin transaction[0m
  [1m[36mBranch Load (0.1ms)[0m  [1m[34mSELECT "branches".* FROM "branches" WHERE "branches"."id" = ? LIMIT ?[0m  [["id", 2], ["LIMIT", 1]]
  [1m[36mSchedule Exists? (0.2ms)[0m  [1m[34mSELECT 1 AS one FROM "schedules" WHERE "schedules"."day" = ? AND "schedules"."branch_id" = ? LIMIT ?[0m  [["day", "Domingo"], ["branch_id", 2], ["LIMIT", 1]]
  [1m[36mSchedule Create (0.3ms)[0m  [1m[32mINSERT INTO "schedules" ("branch_id", "day", "start_time", "end_time", "created_at", "updated_at") VALUES (?, ?, ?, ?, ?, ?)[0m  [["branch_id", 2], ["day", "Domingo"], ["start_time", "2000-01-01 10:00:00"], ["end_time", "2000-01-01 16:00:00"], ["created_at", "2022-11-30 14:05:13.376936"], ["updated_at", "2022-11-30 14:05:13.376936"]]
  [1m[36mTRANSACTION (4.8ms)[0m  [1m[36mcommit transaction[0m
  [1m[36mTRANSACTION (0.1ms)[0m  [1m[36mbegin transaction[0m
  [1m[36mBranch Load (0.1ms)[0m  [1m[34mSELECT "branches".* FROM "branches" WHERE "branches"."id" = ? LIMIT ?[0m  [["id", 2], ["LIMIT", 1]]
  [1m[36mSchedule Exists? (0.4ms)[0m  [1m[34mSELECT 1 AS one FROM "schedules" WHERE "schedules"."day" = ? AND "schedules"."branch_id" = ? LIMIT ?[0m  [["day", "Sabado"], ["branch_id", 2], ["LIMIT", 1]]
  [1m[36mSchedule Create (0.4ms)[0m  [1m[32mINSERT INTO "schedules" ("branch_id", "day", "start_time", "end_time", "created_at", "updated_at") VALUES (?, ?, ?, ?, ?, ?)[0m  [["branch_id", 2], ["day", "Sabado"], ["start_time", "2000-01-01 09:00:00"], ["end_time", "2000-01-01 16:00:00"], ["created_at", "2022-11-30 14:05:13.397884"], ["updated_at", "2022-11-30 14:05:13.397884"]]
  [1m[36mTRANSACTION (12.4ms)[0m  [1m[36mcommit transaction[0m
  [1m[36mTRANSACTION (0.1ms)[0m  [1m[36mbegin transaction[0m
  [1m[36mBranch Load (0.2ms)[0m  [1m[34mSELECT "branches".* FROM "branches" WHERE "branches"."id" = ? LIMIT ?[0m  [["id", 2], ["LIMIT", 1]]
  [1m[36mSchedule Exists? (0.4ms)[0m  [1m[34mSELECT 1 AS one FROM "schedules" WHERE "schedules"."day" = ? AND "schedules"."branch_id" = ? LIMIT ?[0m  [["day", "Viernes"], ["branch_id", 2], ["LIMIT", 1]]
  [1m[36mSchedule Create (0.5ms)[0m  [1m[32mINSERT INTO "schedules" ("branch_id", "day", "start_time", "end_time", "created_at", "updated_at") VALUES (?, ?, ?, ?, ?, ?)[0m  [["branch_id", 2], ["day", "Viernes"], ["start_time", "2000-01-01 09:00:00"], ["end_time", "2000-01-01 17:00:00"], ["created_at", "2022-11-30 14:05:13.424761"], ["updated_at", "2022-11-30 14:05:13.424761"]]
  [1m[36mTRANSACTION (4.4ms)[0m  [1m[36mcommit transaction[0m
  [1m[36mTRANSACTION (0.1ms)[0m  [1m[36mbegin transaction[0m
  [1m[36mBranch Load (0.2ms)[0m  [1m[34mSELECT "branches".* FROM "branches" WHERE "branches"."id" = ? LIMIT ?[0m  [["id", 2], ["LIMIT", 1]]
  [1m[36mSchedule Exists? (0.2ms)[0m  [1m[34mSELECT 1 AS one FROM "schedules" WHERE "schedules"."day" = ? AND "schedules"."branch_id" = ? LIMIT ?[0m  [["day", "Jueves"], ["branch_id", 2], ["LIMIT", 1]]
  [1m[36mSchedule Create (0.4ms)[0m  [1m[32mINSERT INTO "schedules" ("branch_id", "day", "start_time", "end_time", "created_at", "updated_at") VALUES (?, ?, ?, ?, ?, ?)[0m  [["branch_id", 2], ["day", "Jueves"], ["start_time", "2000-01-01 08:00:00"], ["end_time", "2000-01-01 17:00:00"], ["created_at", "2022-11-30 14:05:13.446002"], ["updated_at", "2022-11-30 14:05:13.446002"]]
  [1m[36mTRANSACTION (4.7ms)[0m  [1m[36mcommit transaction[0m
  [1m[36mTRANSACTION (0.1ms)[0m  [1m[36mbegin transaction[0m
  [1m[36mBranch Load (0.2ms)[0m  [1m[34mSELECT "branches".* FROM "branches" WHERE "branches"."id" = ? LIMIT ?[0m  [["id", 2], ["LIMIT", 1]]
  [1m[36mSchedule Exists? (0.4ms)[0m  [1m[34mSELECT 1 AS one FROM "schedules" WHERE "schedules"."day" = ? AND "schedules"."branch_id" = ? LIMIT ?[0m  [["day", "Miercoles"], ["branch_id", 2], ["LIMIT", 1]]
  [1m[36mSchedule Create (0.4ms)[0m  [1m[32mINSERT INTO "schedules" ("branch_id", "day", "start_time", "end_time", "created_at", "updated_at") VALUES (?, ?, ?, ?, ?, ?)[0m  [["branch_id", 2], ["day", "Miercoles"], ["start_time", "2000-01-01 11:00:00"], ["end_time", "2000-01-01 17:00:00"], ["created_at", "2022-11-30 14:05:13.465365"], ["updated_at", "2022-11-30 14:05:13.465365"]]
  [1m[36mTRANSACTION (4.2ms)[0m  [1m[36mcommit transaction[0m
  [1m[36mTRANSACTION (0.1ms)[0m  [1m[36mbegin transaction[0m
  [1m[36mBranch Create (0.4ms)[0m  [1m[32mINSERT INTO "branches" ("name", "address", "telephone", "created_at", "updated_at") VALUES (?, ?, ?, ?, ?)[0m  [["name", "Berge-Schmidt"], ["address", "2163 Alita Loop, Alfonzomouth, CT 20454-1808"], ["telephone", 1], ["created_at", "2022-11-30 14:05:13.477990"], ["updated_at", "2022-11-30 14:05:13.477990"]]
  [1m[36mTRANSACTION (4.1ms)[0m  [1m[36mcommit transaction[0m
  [1m[36mTRANSACTION (0.1ms)[0m  [1m[36mbegin transaction[0m
  [1m[36mBranch Load (0.3ms)[0m  [1m[34mSELECT "branches".* FROM "branches" WHERE "branches"."id" = ? LIMIT ?[0m  [["id", 3], ["LIMIT", 1]]
  [1m[36mSchedule Exists? (0.2ms)[0m  [1m[34mSELECT 1 AS one FROM "schedules" WHERE "schedules"."day" = ? AND "schedules"."branch_id" = ? LIMIT ?[0m  [["day", "Domingo"], ["branch_id", 3], ["LIMIT", 1]]
  [1m[36mSchedule Create (0.5ms)[0m  [1m[32mINSERT INTO "schedules" ("branch_id", "day", "start_time", "end_time", "created_at", "updated_at") VALUES (?, ?, ?, ?, ?, ?)[0m  [["branch_id", 3], ["day", "Domingo"], ["start_time", "2000-01-01 08:00:00"], ["end_time", "2000-01-01 16:00:00"], ["created_at", "2022-11-30 14:05:13.498284"], ["updated_at", "2022-11-30 14:05:13.498284"]]
  [1m[36mTRANSACTION (3.4ms)[0m  [1m[36mcommit transaction[0m
  [1m[36mTRANSACTION (0.1ms)[0m  [1m[36mbegin transaction[0m
  [1m[36mBranch Load (0.2ms)[0m  [1m[34mSELECT "branches".* FROM "branches" WHERE "branches"."id" = ? LIMIT ?[0m  [["id", 3], ["LIMIT", 1]]
  [1m[36mSchedule Exists? (0.1ms)[0m  [1m[34mSELECT 1 AS one FROM "schedules" WHERE "schedules"."day" = ? AND "schedules"."branch_id" = ? LIMIT ?[0m  [["day", "Sabado"], ["branch_id", 3], ["LIMIT", 1]]
  [1m[36mSchedule Create (0.3ms)[0m  [1m[32mINSERT INTO "schedules" ("branch_id", "day", "start_time", "end_time", "created_at", "updated_at") VALUES (?, ?, ?, ?, ?, ?)[0m  [["branch_id", 3], ["day", "Sabado"], ["start_time", "2000-01-01 11:00:00"], ["end_time", "2000-01-01 13:00:00"], ["created_at", "2022-11-30 14:05:13.516617"], ["updated_at", "2022-11-30 14:05:13.516617"]]
  [1m[36mTRANSACTION (3.7ms)[0m  [1m[36mcommit transaction[0m
  [1m[36mTRANSACTION (0.1ms)[0m  [1m[36mbegin transaction[0m
  [1m[36mBranch Load (0.2ms)[0m  [1m[34mSELECT "branches".* FROM "branches" WHERE "branches"."id" = ? LIMIT ?[0m  [["id", 3], ["LIMIT", 1]]
  [1m[36mSchedule Exists? (0.1ms)[0m  [1m[34mSELECT 1 AS one FROM "schedules" WHERE "schedules"."day" = ? AND "schedules"."branch_id" = ? LIMIT ?[0m  [["day", "Viernes"], ["branch_id", 3], ["LIMIT", 1]]
  [1m[36mSchedule Create (0.3ms)[0m  [1m[32mINSERT INTO "schedules" ("branch_id", "day", "start_time", "end_time", "created_at", "updated_at") VALUES (?, ?, ?, ?, ?, ?)[0m  [["branch_id", 3], ["day", "Viernes"], ["start_time", "2000-01-01 10:00:00"], ["end_time", "2000-01-01 14:00:00"], ["created_at", "2022-11-30 14:05:13.532609"], ["updated_at", "2022-11-30 14:05:13.532609"]]
  [1m[36mTRANSACTION (4.0ms)[0m  [1m[36mcommit transaction[0m
  [1m[36mTRANSACTION (0.1ms)[0m  [1m[36mbegin transaction[0m
  [1m[36mBranch Load (0.1ms)[0m  [1m[34mSELECT "branches".* FROM "branches" WHERE "branches"."id" = ? LIMIT ?[0m  [["id", 3], ["LIMIT", 1]]
  [1m[36mSchedule Exists? (0.1ms)[0m  [1m[34mSELECT 1 AS one FROM "schedules" WHERE "schedules"."day" = ? AND "schedules"."branch_id" = ? LIMIT ?[0m  [["day", "Jueves"], ["branch_id", 3], ["LIMIT", 1]]
  [1m[36mSchedule Create (0.3ms)[0m  [1m[32mINSERT INTO "schedules" ("branch_id", "day", "start_time", "end_time", "created_at", "updated_at") VALUES (?, ?, ?, ?, ?, ?)[0m  [["branch_id", 3], ["day", "Jueves"], ["start_time", "2000-01-01 12:00:00"], ["end_time", "2000-01-01 16:00:00"], ["created_at", "2022-11-30 14:05:13.548288"], ["updated_at", "2022-11-30 14:05:13.548288"]]
  [1m[36mTRANSACTION (3.9ms)[0m  [1m[36mcommit transaction[0m
  [1m[36mTRANSACTION (0.1ms)[0m  [1m[36mbegin transaction[0m
  [1m[36mBranch Load (0.1ms)[0m  [1m[34mSELECT "branches".* FROM "branches" WHERE "branches"."id" = ? LIMIT ?[0m  [["id", 3], ["LIMIT", 1]]
  [1m[36mSchedule Exists? (0.1ms)[0m  [1m[34mSELECT 1 AS one FROM "schedules" WHERE "schedules"."day" = ? AND "schedules"."branch_id" = ? LIMIT ?[0m  [["day", "Miercoles"], ["branch_id", 3], ["LIMIT", 1]]
  [1m[36mSchedule Create (0.2ms)[0m  [1m[32mINSERT INTO "schedules" ("branch_id", "day", "start_time", "end_time", "created_at", "updated_at") VALUES (?, ?, ?, ?, ?, ?)[0m  [["branch_id", 3], ["day", "Miercoles"], ["start_time", "2000-01-01 09:00:00"], ["end_time", "2000-01-01 17:00:00"], ["created_at", "2022-11-30 14:05:13.563660"], ["updated_at", "2022-11-30 14:05:13.563660"]]
  [1m[36mTRANSACTION (4.2ms)[0m  [1m[36mcommit transaction[0m
  [1m[36mTRANSACTION (0.1ms)[0m  [1m[36mbegin transaction[0m
  [1m[36mBranch Create (0.3ms)[0m  [1m[32mINSERT INTO "branches" ("name", "address", "telephone", "created_at", "updated_at") VALUES (?, ?, ?, ?, ?)[0m  [["name", "Daugherty, Schmidt and Fadel"], ["address", "Apt. 994 9069 Jaskolski Plains, East Issac, CT 48581-4922"], ["telephone", 505], ["created_at", "2022-11-30 14:05:13.573211"], ["updated_at", "2022-11-30 14:05:13.573211"]]
  [1m[36mTRANSACTION (3.6ms)[0m  [1m[36mcommit transaction[0m
  [1m[36mTRANSACTION (0.1ms)[0m  [1m[36mbegin transaction[0m
  [1m[36mBranch Load (0.1ms)[0m  [1m[34mSELECT "branches".* FROM "branches" WHERE "branches"."id" = ? LIMIT ?[0m  [["id", 4], ["LIMIT", 1]]
  [1m[36mSchedule Exists? (0.1ms)[0m  [1m[34mSELECT 1 AS one FROM "schedules" WHERE "schedules"."day" = ? AND "schedules"."branch_id" = ? LIMIT ?[0m  [["day", "Domingo"], ["branch_id", 4], ["LIMIT", 1]]
  [1m[36mSchedule Create (0.4ms)[0m  [1m[32mINSERT INTO "schedules" ("branch_id", "day", "start_time", "end_time", "created_at", "updated_at") VALUES (?, ?, ?, ?, ?, ?)[0m  [["branch_id", 4], ["day", "Domingo"], ["start_time", "2000-01-01 12:00:00"], ["end_time", "2000-01-01 17:00:00"], ["created_at", "2022-11-30 14:05:13.588145"], ["updated_at", "2022-11-30 14:05:13.588145"]]
  [1m[36mTRANSACTION (4.3ms)[0m  [1m[36mcommit transaction[0m
  [1m[36mTRANSACTION (0.1ms)[0m  [1m[36mbegin transaction[0m
  [1m[36mBranch Load (0.1ms)[0m  [1m[34mSELECT "branches".* FROM "branches" WHERE "branches"."id" = ? LIMIT ?[0m  [["id", 4], ["LIMIT", 1]]
  [1m[36mSchedule Exists? (0.1ms)[0m  [1m[34mSELECT 1 AS one FROM "schedules" WHERE "schedules"."day" = ? AND "schedules"."branch_id" = ? LIMIT ?[0m  [["day", "Sabado"], ["branch_id", 4], ["LIMIT", 1]]
  [1m[36mSchedule Create (0.3ms)[0m  [1m[32mINSERT INTO "schedules" ("branch_id", "day", "start_time", "end_time", "created_at", "updated_at") VALUES (?, ?, ?, ?, ?, ?)[0m  [["branch_id", 4], ["day", "Sabado"], ["start_time", "2000-01-01 12:00:00"], ["end_time", "2000-01-01 13:00:00"], ["created_at", "2022-11-30 14:05:13.603128"], ["updated_at", "2022-11-30 14:05:13.603128"]]
  [1m[36mTRANSACTION (4.2ms)[0m  [1m[36mcommit transaction[0m
  [1m[36mTRANSACTION (0.0ms)[0m  [1m[36mbegin transaction[0m
  [1m[36mBranch Load (0.1ms)[0m  [1m[34mSELECT "branches".* FROM "branches" WHERE "branches"."id" = ? LIMIT ?[0m  [["id", 4], ["LIMIT", 1]]
  [1m[36mSchedule Exists? (0.1ms)[0m  [1m[34mSELECT 1 AS one FROM "schedules" WHERE "schedules"."day" = ? AND "schedules"."branch_id" = ? LIMIT ?[0m  [["day", "Viernes"], ["branch_id", 4], ["LIMIT", 1]]
  [1m[36mSchedule Create (0.2ms)[0m  [1m[32mINSERT INTO "schedules" ("branch_id", "day", "start_time", "end_time", "created_at", "updated_at") VALUES (?, ?, ?, ?, ?, ?)[0m  [["branch_id", 4], ["day", "Viernes"], ["start_time", "2000-01-01 12:00:00"], ["end_time", "2000-01-01 16:00:00"], ["created_at", "2022-11-30 14:05:13.616972"], ["updated_at", "2022-11-30 14:05:13.616972"]]
  [1m[36mTRANSACTION (4.0ms)[0m  [1m[36mcommit transaction[0m
  [1m[36mTRANSACTION (0.1ms)[0m  [1m[36mbegin transaction[0m
  [1m[36mBranch Load (0.1ms)[0m  [1m[34mSELECT "branches".* FROM "branches" WHERE "branches"."id" = ? LIMIT ?[0m  [["id", 4], ["LIMIT", 1]]
  [1m[36mSchedule Exists? (0.1ms)[0m  [1m[34mSELECT 1 AS one FROM "schedules" WHERE "schedules"."day" = ? AND "schedules"."branch_id" = ? LIMIT ?[0m  [["day", "Jueves"], ["branch_id", 4], ["LIMIT", 1]]
  [1m[36mSchedule Create (0.2ms)[0m  [1m[32mINSERT INTO "schedules" ("branch_id", "day", "start_time", "end_time", "created_at", "updated_at") VALUES (?, ?, ?, ?, ?, ?)[0m  [["branch_id", 4], ["day", "Jueves"], ["start_time", "2000-01-01 09:00:00"], ["end_time", "2000-01-01 17:00:00"], ["created_at", "2022-11-30 14:05:13.630223"], ["updated_at", "2022-11-30 14:05:13.630223"]]
  [1m[36mTRANSACTION (4.6ms)[0m  [1m[36mcommit transaction[0m
  [1m[36mTRANSACTION (0.0ms)[0m  [1m[36mbegin transaction[0m
  [1m[36mBranch Load (0.1ms)[0m  [1m[34mSELECT "branches".* FROM "branches" WHERE "branches"."id" = ? LIMIT ?[0m  [["id", 4], ["LIMIT", 1]]
  [1m[36mSchedule Exists? (0.1ms)[0m  [1m[34mSELECT 1 AS one FROM "schedules" WHERE "schedules"."day" = ? AND "schedules"."branch_id" = ? LIMIT ?[0m  [["day", "Miercoles"], ["branch_id", 4], ["LIMIT", 1]]
  [1m[36mSchedule Create (0.3ms)[0m  [1m[32mINSERT INTO "schedules" ("branch_id", "day", "start_time", "end_time", "created_at", "updated_at") VALUES (?, ?, ?, ?, ?, ?)[0m  [["branch_id", 4], ["day", "Miercoles"], ["start_time", "2000-01-01 11:00:00"], ["end_time", "2000-01-01 16:00:00"], ["created_at", "2022-11-30 14:05:13.644064"], ["updated_at", "2022-11-30 14:05:13.644064"]]
  [1m[36mTRANSACTION (4.4ms)[0m  [1m[36mcommit transaction[0m
  [1m[36mTRANSACTION (0.0ms)[0m  [1m[36mbegin transaction[0m
  [1m[36mBranch Create (0.2ms)[0m  [1m[32mINSERT INTO "branches" ("name", "address", "telephone", "created_at", "updated_at") VALUES (?, ?, ?, ?, ?)[0m  [["name", "Herman-Sipes"], ["address", "8730 William Ports, Howellstad, MS 27849"], ["telephone", 1], ["created_at", "2022-11-30 14:05:13.653734"], ["updated_at", "2022-11-30 14:05:13.653734"]]
  [1m[36mTRANSACTION (3.9ms)[0m  [1m[36mcommit transaction[0m
  [1m[36mTRANSACTION (0.1ms)[0m  [1m[36mbegin transaction[0m
  [1m[36mBranch Load (0.1ms)[0m  [1m[34mSELECT "branches".* FROM "branches" WHERE "branches"."id" = ? LIMIT ?[0m  [["id", 5], ["LIMIT", 1]]
  [1m[36mSchedule Exists? (0.1ms)[0m  [1m[34mSELECT 1 AS one FROM "schedules" WHERE "schedules"."day" = ? AND "schedules"."branch_id" = ? LIMIT ?[0m  [["day", "Domingo"], ["branch_id", 5], ["LIMIT", 1]]
  [1m[36mSchedule Create (0.2ms)[0m  [1m[32mINSERT INTO "schedules" ("branch_id", "day", "start_time", "end_time", "created_at", "updated_at") VALUES (?, ?, ?, ?, ?, ?)[0m  [["branch_id", 5], ["day", "Domingo"], ["start_time", "2000-01-01 10:00:00"], ["end_time", "2000-01-01 15:00:00"], ["created_at", "2022-11-30 14:05:13.668834"], ["updated_at", "2022-11-30 14:05:13.668834"]]
  [1m[36mTRANSACTION (4.5ms)[0m  [1m[36mcommit transaction[0m
  [1m[36mTRANSACTION (0.0ms)[0m  [1m[36mbegin transaction[0m
  [1m[36mBranch Load (0.1ms)[0m  [1m[34mSELECT "branches".* FROM "branches" WHERE "branches"."id" = ? LIMIT ?[0m  [["id", 5], ["LIMIT", 1]]
  [1m[36mSchedule Exists? (0.1ms)[0m  [1m[34mSELECT 1 AS one FROM "schedules" WHERE "schedules"."day" = ? AND "schedules"."branch_id" = ? LIMIT ?[0m  [["day", "Sabado"], ["branch_id", 5], ["LIMIT", 1]]
  [1m[36mSchedule Create (0.2ms)[0m  [1m[32mINSERT INTO "schedules" ("branch_id", "day", "start_time", "end_time", "created_at", "updated_at") VALUES (?, ?, ?, ?, ?, ?)[0m  [["branch_id", 5], ["day", "Sabado"], ["start_time", "2000-01-01 09:00:00"], ["end_time", "2000-01-01 13:00:00"], ["created_at", "2022-11-30 14:05:13.682368"], ["updated_at", "2022-11-30 14:05:13.682368"]]
  [1m[36mTRANSACTION (4.3ms)[0m  [1m[36mcommit transaction[0m
  [1m[36mTRANSACTION (0.0ms)[0m  [1m[36mbegin transaction[0m
  [1m[36mBranch Load (0.1ms)[0m  [1m[34mSELECT "branches".* FROM "branches" WHERE "branches"."id" = ? LIMIT ?[0m  [["id", 5], ["LIMIT", 1]]
  [1m[36mSchedule Exists? (0.1ms)[0m  [1m[34mSELECT 1 AS one FROM "schedules" WHERE "schedules"."day" = ? AND "schedules"."branch_id" = ? LIMIT ?[0m  [["day", "Viernes"], ["branch_id", 5], ["LIMIT", 1]]
  [1m[36mSchedule Create (0.2ms)[0m  [1m[32mINSERT INTO "schedules" ("branch_id", "day", "start_time", "end_time", "created_at", "updated_at") VALUES (?, ?, ?, ?, ?, ?)[0m  [["branch_id", 5], ["day", "Viernes"], ["start_time", "2000-01-01 08:00:00"], ["end_time", "2000-01-01 17:00:00"], ["created_at", "2022-11-30 14:05:13.696162"], ["updated_at", "2022-11-30 14:05:13.696162"]]
  [1m[36mTRANSACTION (4.5ms)[0m  [1m[36mcommit transaction[0m
  [1m[36mTRANSACTION (0.0ms)[0m  [1m[36mbegin transaction[0m
  [1m[36mBranch Load (0.1ms)[0m  [1m[34mSELECT "branches".* FROM "branches" WHERE "branches"."id" = ? LIMIT ?[0m  [["id", 5], ["LIMIT", 1]]
  [1m[36mSchedule Exists? (0.1ms)[0m  [1m[34mSELECT 1 AS one FROM "schedules" WHERE "schedules"."day" = ? AND "schedules"."branch_id" = ? LIMIT ?[0m  [["day", "Jueves"], ["branch_id", 5], ["LIMIT", 1]]
  [1m[36mSchedule Create (0.2ms)[0m  [1m[32mINSERT INTO "schedules" ("branch_id", "day", "start_time", "end_time", "created_at", "updated_at") VALUES (?, ?, ?, ?, ?, ?)[0m  [["branch_id", 5], ["day", "Jueves"], ["start_time", "2000-01-01 09:00:00"], ["end_time", "2000-01-01 15:00:00"], ["created_at", "2022-11-30 14:05:13.709639"], ["updated_at", "2022-11-30 14:05:13.709639"]]
  [1m[36mTRANSACTION (4.2ms)[0m  [1m[36mcommit transaction[0m
  [1m[36mTRANSACTION (0.1ms)[0m  [1m[36mbegin transaction[0m
  [1m[36mBranch Load (0.1ms)[0m  [1m[34mSELECT "branches".* FROM "branches" WHERE "branches"."id" = ? LIMIT ?[0m  [["id", 5], ["LIMIT", 1]]
  [1m[36mSchedule Exists? (0.1ms)[0m  [1m[34mSELECT 1 AS one FROM "schedules" WHERE "schedules"."day" = ? AND "schedules"."branch_id" = ? LIMIT ?[0m  [["day", "Miercoles"], ["branch_id", 5], ["LIMIT", 1]]
  [1m[36mSchedule Create (0.2ms)[0m  [1m[32mINSERT INTO "schedules" ("branch_id", "day", "start_time", "end_time", "created_at", "updated_at") VALUES (?, ?, ?, ?, ?, ?)[0m  [["branch_id", 5], ["day", "Miercoles"], ["start_time", "2000-01-01 08:00:00"], ["end_time", "2000-01-01 17:00:00"], ["created_at", "2022-11-30 14:05:13.727247"], ["updated_at", "2022-11-30 14:05:13.727247"]]
  [1m[36mTRANSACTION (4.8ms)[0m  [1m[36mcommit transaction[0m
  [1m[36mTRANSACTION (0.1ms)[0m  [1m[36mbegin transaction[0m
  [1m[36mBranch Create (0.2ms)[0m  [1m[32mINSERT INTO "branches" ("name", "address", "telephone", "created_at", "updated_at") VALUES (?, ?, ?, ?, ?)[0m  [["name", "Sipes-Effertz"], ["address", "Suite 652 7931 Willene Stream, Jacobsville, ME 31325-7431"], ["telephone", 152], ["created_at", "2022-11-30 14:05:13.737765"], ["updated_at", "2022-11-30 14:05:13.737765"]]
  [1m[36mTRANSACTION (4.5ms)[0m  [1m[36mcommit transaction[0m
  [1m[36mTRANSACTION (0.1ms)[0m  [1m[36mbegin transaction[0m
  [1m[36mBranch Load (0.1ms)[0m  [1m[34mSELECT "branches".* FROM "branches" WHERE "branches"."id" = ? LIMIT ?[0m  [["id", 6], ["LIMIT", 1]]
  [1m[36mSchedule Exists? (0.1ms)[0m  [1m[34mSELECT 1 AS one FROM "schedules" WHERE "schedules"."day" = ? AND "schedules"."branch_id" = ? LIMIT ?[0m  [["day", "Domingo"], ["branch_id", 6], ["LIMIT", 1]]
  [1m[36mSchedule Create (0.2ms)[0m  [1m[32mINSERT INTO "schedules" ("branch_id", "day", "start_time", "end_time", "created_at", "updated_at") VALUES (?, ?, ?, ?, ?, ?)[0m  [["branch_id", 6], ["day", "Domingo"], ["start_time", "2000-01-01 09:00:00"], ["end_time", "2000-01-01 13:00:00"], ["created_at", "2022-11-30 14:05:13.753608"], ["updated_at", "2022-11-30 14:05:13.753608"]]
  [1m[36mTRANSACTION (4.3ms)[0m  [1m[36mcommit transaction[0m
  [1m[36mTRANSACTION (0.0ms)[0m  [1m[36mbegin transaction[0m
  [1m[36mBranch Load (0.1ms)[0m  [1m[34mSELECT "branches".* FROM "branches" WHERE "branches"."id" = ? LIMIT ?[0m  [["id", 6], ["LIMIT", 1]]
  [1m[36mSchedule Exists? (0.1ms)[0m  [1m[34mSELECT 1 AS one FROM "schedules" WHERE "schedules"."day" = ? AND "schedules"."branch_id" = ? LIMIT ?[0m  [["day", "Sabado"], ["branch_id", 6], ["LIMIT", 1]]
  [1m[36mSchedule Create (0.2ms)[0m  [1m[32mINSERT INTO "schedules" ("branch_id", "day", "start_time", "end_time", "created_at", "updated_at") VALUES (?, ?, ?, ?, ?, ?)[0m  [["branch_id", 6], ["day", "Sabado"], ["start_time", "2000-01-01 11:00:00"], ["end_time", "2000-01-01 17:00:00"], ["created_at", "2022-11-30 14:05:13.767362"], ["updated_at", "2022-11-30 14:05:13.767362"]]
  [1m[36mTRANSACTION (4.5ms)[0m  [1m[36mcommit transaction[0m
  [1m[36mTRANSACTION (0.1ms)[0m  [1m[36mbegin transaction[0m
  [1m[36mBranch Load (0.1ms)[0m  [1m[34mSELECT "branches".* FROM "branches" WHERE "branches"."id" = ? LIMIT ?[0m  [["id", 6], ["LIMIT", 1]]
  [1m[36mSchedule Exists? (0.1ms)[0m  [1m[34mSELECT 1 AS one FROM "schedules" WHERE "schedules"."day" = ? AND "schedules"."branch_id" = ? LIMIT ?[0m  [["day", "Viernes"], ["branch_id", 6], ["LIMIT", 1]]
  [1m[36mSchedule Create (0.2ms)[0m  [1m[32mINSERT INTO "schedules" ("branch_id", "day", "start_time", "end_time", "created_at", "updated_at") VALUES (?, ?, ?, ?, ?, ?)[0m  [["branch_id", 6], ["day", "Viernes"], ["start_time", "2000-01-01 12:00:00"], ["end_time", "2000-01-01 17:00:00"], ["created_at", "2022-11-30 14:05:13.781385"], ["updated_at", "2022-11-30 14:05:13.781385"]]
  [1m[36mTRANSACTION (4.8ms)[0m  [1m[36mcommit transaction[0m
  [1m[36mTRANSACTION (0.0ms)[0m  [1m[36mbegin transaction[0m
  [1m[36mBranch Load (0.1ms)[0m  [1m[34mSELECT "branches".* FROM "branches" WHERE "branches"."id" = ? LIMIT ?[0m  [["id", 6], ["LIMIT", 1]]
  [1m[36mSchedule Exists? (0.1ms)[0m  [1m[34mSELECT 1 AS one FROM "schedules" WHERE "schedules"."day" = ? AND "schedules"."branch_id" = ? LIMIT ?[0m  [["day", "Jueves"], ["branch_id", 6], ["LIMIT", 1]]
  [1m[36mSchedule Create (0.2ms)[0m  [1m[32mINSERT INTO "schedules" ("branch_id", "day", "start_time", "end_time", "created_at", "updated_at") VALUES (?, ?, ?, ?, ?, ?)[0m  [["branch_id", 6], ["day", "Jueves"], ["start_time", "2000-01-01 08:00:00"], ["end_time", "2000-01-01 14:00:00"], ["created_at", "2022-11-30 14:05:13.795355"], ["updated_at", "2022-11-30 14:05:13.795355"]]
  [1m[36mTRANSACTION (4.3ms)[0m  [1m[36mcommit transaction[0m
  [1m[36mTRANSACTION (0.1ms)[0m  [1m[36mbegin transaction[0m
  [1m[36mBranch Load (0.1ms)[0m  [1m[34mSELECT "branches".* FROM "branches" WHERE "branches"."id" = ? LIMIT ?[0m  [["id", 6], ["LIMIT", 1]]
  [1m[36mSchedule Exists? (0.1ms)[0m  [1m[34mSELECT 1 AS one FROM "schedules" WHERE "schedules"."day" = ? AND "schedules"."branch_id" = ? LIMIT ?[0m  [["day", "Miercoles"], ["branch_id", 6], ["LIMIT", 1]]
  [1m[36mSchedule Create (0.2ms)[0m  [1m[32mINSERT INTO "schedules" ("branch_id", "day", "start_time", "end_time", "created_at", "updated_at") VALUES (?, ?, ?, ?, ?, ?)[0m  [["branch_id", 6], ["day", "Miercoles"], ["start_time", "2000-01-01 09:00:00"], ["end_time", "2000-01-01 15:00:00"], ["created_at", "2022-11-30 14:05:13.809441"], ["updated_at", "2022-11-30 14:05:13.809441"]]
  [1m[36mTRANSACTION (4.5ms)[0m  [1m[36mcommit transaction[0m
  [1m[36mTRANSACTION (0.0ms)[0m  [1m[36mbegin transaction[0m
  [1m[36mBranch Create (0.2ms)[0m  [1m[32mINSERT INTO "branches" ("name", "address", "telephone", "created_at", "updated_at") VALUES (?, ?, ?, ?, ?)[0m  [["name", "McGlynn, Jacobi and Grady"], ["address", "661 Donnelly Burg, Lake Janice, ID 16987"], ["telephone", 0], ["created_at", "2022-11-30 14:05:13.817958"], ["updated_at", "2022-11-30 14:05:13.817958"]]
  [1m[36mTRANSACTION (4.3ms)[0m  [1m[36mcommit transaction[0m
  [1m[36mTRANSACTION (0.0ms)[0m  [1m[36mbegin transaction[0m
  [1m[36mBranch Load (0.1ms)[0m  [1m[34mSELECT "branches".* FROM "branches" WHERE "branches"."id" = ? LIMIT ?[0m  [["id", 7], ["LIMIT", 1]]
  [1m[36mSchedule Exists? (0.2ms)[0m  [1m[34mSELECT 1 AS one FROM "schedules" WHERE "schedules"."day" = ? AND "schedules"."branch_id" = ? LIMIT ?[0m  [["day", "Domingo"], ["branch_id", 7], ["LIMIT", 1]]
  [1m[36mSchedule Create (0.2ms)[0m  [1m[32mINSERT INTO "schedules" ("branch_id", "day", "start_time", "end_time", "created_at", "updated_at") VALUES (?, ?, ?, ?, ?, ?)[0m  [["branch_id", 7], ["day", "Domingo"], ["start_time", "2000-01-01 11:00:00"], ["end_time", "2000-01-01 17:00:00"], ["created_at", "2022-11-30 14:05:13.833384"], ["updated_at", "2022-11-30 14:05:13.833384"]]
  [1m[36mTRANSACTION (4.8ms)[0m  [1m[36mcommit transaction[0m
  [1m[36mTRANSACTION (0.0ms)[0m  [1m[36mbegin transaction[0m
  [1m[36mBranch Load (0.1ms)[0m  [1m[34mSELECT "branches".* FROM "branches" WHERE "branches"."id" = ? LIMIT ?[0m  [["id", 7], ["LIMIT", 1]]
  [1m[36mSchedule Exists? (0.1ms)[0m  [1m[34mSELECT 1 AS one FROM "schedules" WHERE "schedules"."day" = ? AND "schedules"."branch_id" = ? LIMIT ?[0m  [["day", "Sabado"], ["branch_id", 7], ["LIMIT", 1]]
  [1m[36mSchedule Create (0.2ms)[0m  [1m[32mINSERT INTO "schedules" ("branch_id", "day", "start_time", "end_time", "created_at", "updated_at") VALUES (?, ?, ?, ?, ?, ?)[0m  [["branch_id", 7], ["day", "Sabado"], ["start_time", "2000-01-01 11:00:00"], ["end_time", "2000-01-01 16:00:00"], ["created_at", "2022-11-30 14:05:13.847580"], ["updated_at", "2022-11-30 14:05:13.847580"]]
  [1m[36mTRANSACTION (4.6ms)[0m  [1m[36mcommit transaction[0m
  [1m[36mTRANSACTION (0.1ms)[0m  [1m[36mbegin transaction[0m
  [1m[36mBranch Load (0.1ms)[0m  [1m[34mSELECT "branches".* FROM "branches" WHERE "branches"."id" = ? LIMIT ?[0m  [["id", 7], ["LIMIT", 1]]
  [1m[36mSchedule Exists? (0.1ms)[0m  [1m[34mSELECT 1 AS one FROM "schedules" WHERE "schedules"."day" = ? AND "schedules"."branch_id" = ? LIMIT ?[0m  [["day", "Viernes"], ["branch_id", 7], ["LIMIT", 1]]
  [1m[36mSchedule Create (0.3ms)[0m  [1m[32mINSERT INTO "schedules" ("branch_id", "day", "start_time", "end_time", "created_at", "updated_at") VALUES (?, ?, ?, ?, ?, ?)[0m  [["branch_id", 7], ["day", "Viernes"], ["start_time", "2000-01-01 12:00:00"], ["end_time", "2000-01-01 15:00:00"], ["created_at", "2022-11-30 14:05:13.861657"], ["updated_at", "2022-11-30 14:05:13.861657"]]
  [1m[36mTRANSACTION (4.4ms)[0m  [1m[36mcommit transaction[0m
  [1m[36mTRANSACTION (0.1ms)[0m  [1m[36mbegin transaction[0m
  [1m[36mBranch Load (0.1ms)[0m  [1m[34mSELECT "branches".* FROM "branches" WHERE "branches"."id" = ? LIMIT ?[0m  [["id", 7], ["LIMIT", 1]]
  [1m[36mSchedule Exists? (0.1ms)[0m  [1m[34mSELECT 1 AS one FROM "schedules" WHERE "schedules"."day" = ? AND "schedules"."branch_id" = ? LIMIT ?[0m  [["day", "Jueves"], ["branch_id", 7], ["LIMIT", 1]]
  [1m[36mSchedule Create (0.2ms)[0m  [1m[32mINSERT INTO "schedules" ("branch_id", "day", "start_time", "end_time", "created_at", "updated_at") VALUES (?, ?, ?, ?, ?, ?)[0m  [["branch_id", 7], ["day", "Jueves"], ["start_time", "2000-01-01 08:00:00"], ["end_time", "2000-01-01 13:00:00"], ["created_at", "2022-11-30 14:05:13.875815"], ["updated_at", "2022-11-30 14:05:13.875815"]]
  [1m[36mTRANSACTION (4.5ms)[0m  [1m[36mcommit transaction[0m
  [1m[36mTRANSACTION (0.1ms)[0m  [1m[36mbegin transaction[0m
  [1m[36mBranch Load (0.1ms)[0m  [1m[34mSELECT "branches".* FROM "branches" WHERE "branches"."id" = ? LIMIT ?[0m  [["id", 7], ["LIMIT", 1]]
  [1m[36mSchedule Exists? (0.1ms)[0m  [1m[34mSELECT 1 AS one FROM "schedules" WHERE "schedules"."day" = ? AND "schedules"."branch_id" = ? LIMIT ?[0m  [["day", "Miercoles"], ["branch_id", 7], ["LIMIT", 1]]
  [1m[36mSchedule Create (0.2ms)[0m  [1m[32mINSERT INTO "schedules" ("branch_id", "day", "start_time", "end_time", "created_at", "updated_at") VALUES (?, ?, ?, ?, ?, ?)[0m  [["branch_id", 7], ["day", "Miercoles"], ["start_time", "2000-01-01 09:00:00"], ["end_time", "2000-01-01 14:00:00"], ["created_at", "2022-11-30 14:05:13.889855"], ["updated_at", "2022-11-30 14:05:13.889855"]]
  [1m[36mTRANSACTION (4.2ms)[0m  [1m[36mcommit transaction[0m
  [1m[36mTRANSACTION (0.0ms)[0m  [1m[36mbegin transaction[0m
  [1m[36mBranch Create (0.2ms)[0m  [1m[32mINSERT INTO "branches" ("name", "address", "telephone", "created_at", "updated_at") VALUES (?, ?, ?, ?, ?)[0m  [["name", "Abbott-Sanford"], ["address", "Suite 646 53466 Raeann Port, Monetstad, KY 43153-3429"], ["telephone", 1], ["created_at", "2022-11-30 14:05:13.898914"], ["updated_at", "2022-11-30 14:05:13.898914"]]
  [1m[36mTRANSACTION (4.1ms)[0m  [1m[36mcommit transaction[0m
  [1m[36mTRANSACTION (0.0ms)[0m  [1m[36mbegin transaction[0m
  [1m[36mBranch Load (0.1ms)[0m  [1m[34mSELECT "branches".* FROM "branches" WHERE "branches"."id" = ? LIMIT ?[0m  [["id", 8], ["LIMIT", 1]]
  [1m[36mSchedule Exists? (0.2ms)[0m  [1m[34mSELECT 1 AS one FROM "schedules" WHERE "schedules"."day" = ? AND "schedules"."branch_id" = ? LIMIT ?[0m  [["day", "Domingo"], ["branch_id", 8], ["LIMIT", 1]]
  [1m[36mSchedule Create (0.2ms)[0m  [1m[32mINSERT INTO "schedules" ("branch_id", "day", "start_time", "end_time", "created_at", "updated_at") VALUES (?, ?, ?, ?, ?, ?)[0m  [["branch_id", 8], ["day", "Domingo"], ["start_time", "2000-01-01 09:00:00"], ["end_time", "2000-01-01 15:00:00"], ["created_at", "2022-11-30 14:05:13.913942"], ["updated_at", "2022-11-30 14:05:13.913942"]]
  [1m[36mTRANSACTION (4.0ms)[0m  [1m[36mcommit transaction[0m
  [1m[36mTRANSACTION (0.1ms)[0m  [1m[36mbegin transaction[0m
  [1m[36mBranch Load (0.1ms)[0m  [1m[34mSELECT "branches".* FROM "branches" WHERE "branches"."id" = ? LIMIT ?[0m  [["id", 8], ["LIMIT", 1]]
  [1m[36mSchedule Exists? (0.1ms)[0m  [1m[34mSELECT 1 AS one FROM "schedules" WHERE "schedules"."day" = ? AND "schedules"."branch_id" = ? LIMIT ?[0m  [["day", "Sabado"], ["branch_id", 8], ["LIMIT", 1]]
  [1m[36mSchedule Create (0.2ms)[0m  [1m[32mINSERT INTO "schedules" ("branch_id", "day", "start_time", "end_time", "created_at", "updated_at") VALUES (?, ?, ?, ?, ?, ?)[0m  [["branch_id", 8], ["day", "Sabado"], ["start_time", "2000-01-01 11:00:00"], ["end_time", "2000-01-01 17:00:00"], ["created_at", "2022-11-30 14:05:13.927644"], ["updated_at", "2022-11-30 14:05:13.927644"]]
  [1m[36mTRANSACTION (4.4ms)[0m  [1m[36mcommit transaction[0m
  [1m[36mTRANSACTION (0.1ms)[0m  [1m[36mbegin transaction[0m
  [1m[36mBranch Load (0.1ms)[0m  [1m[34mSELECT "branches".* FROM "branches" WHERE "branches"."id" = ? LIMIT ?[0m  [["id", 8], ["LIMIT", 1]]
  [1m[36mSchedule Exists? (0.1ms)[0m  [1m[34mSELECT 1 AS one FROM "schedules" WHERE "schedules"."day" = ? AND "schedules"."branch_id" = ? LIMIT ?[0m  [["day", "Viernes"], ["branch_id", 8], ["LIMIT", 1]]
  [1m[36mSchedule Create (0.3ms)[0m  [1m[32mINSERT INTO "schedules" ("branch_id", "day", "start_time", "end_time", "created_at", "updated_at") VALUES (?, ?, ?, ?, ?, ?)[0m  [["branch_id", 8], ["day", "Viernes"], ["start_time", "2000-01-01 10:00:00"], ["end_time", "2000-01-01 16:00:00"], ["created_at", "2022-11-30 14:05:13.941057"], ["updated_at", "2022-11-30 14:05:13.941057"]]
  [1m[36mTRANSACTION (5.2ms)[0m  [1m[36mcommit transaction[0m
  [1m[36mTRANSACTION (0.1ms)[0m  [1m[36mbegin transaction[0m
  [1m[36mBranch Load (0.1ms)[0m  [1m[34mSELECT "branches".* FROM "branches" WHERE "branches"."id" = ? LIMIT ?[0m  [["id", 8], ["LIMIT", 1]]
  [1m[36mSchedule Exists? (0.1ms)[0m  [1m[34mSELECT 1 AS one FROM "schedules" WHERE "schedules"."day" = ? AND "schedules"."branch_id" = ? LIMIT ?[0m  [["day", "Jueves"], ["branch_id", 8], ["LIMIT", 1]]
  [1m[36mSchedule Create (0.2ms)[0m  [1m[32mINSERT INTO "schedules" ("branch_id", "day", "start_time", "end_time", "created_at", "updated_at") VALUES (?, ?, ?, ?, ?, ?)[0m  [["branch_id", 8], ["day", "Jueves"], ["start_time", "2000-01-01 08:00:00"], ["end_time", "2000-01-01 13:00:00"], ["created_at", "2022-11-30 14:05:13.956513"], ["updated_at", "2022-11-30 14:05:13.956513"]]
  [1m[36mTRANSACTION (4.1ms)[0m  [1m[36mcommit transaction[0m
  [1m[36mTRANSACTION (0.1ms)[0m  [1m[36mbegin transaction[0m
  [1m[36mBranch Load (0.1ms)[0m  [1m[34mSELECT "branches".* FROM "branches" WHERE "branches"."id" = ? LIMIT ?[0m  [["id", 8], ["LIMIT", 1]]
  [1m[36mSchedule Exists? (0.1ms)[0m  [1m[34mSELECT 1 AS one FROM "schedules" WHERE "schedules"."day" = ? AND "schedules"."branch_id" = ? LIMIT ?[0m  [["day", "Miercoles"], ["branch_id", 8], ["LIMIT", 1]]
  [1m[36mSchedule Create (0.2ms)[0m  [1m[32mINSERT INTO "schedules" ("branch_id", "day", "start_time", "end_time", "created_at", "updated_at") VALUES (?, ?, ?, ?, ?, ?)[0m  [["branch_id", 8], ["day", "Miercoles"], ["start_time", "2000-01-01 11:00:00"], ["end_time", "2000-01-01 16:00:00"], ["created_at", "2022-11-30 14:05:13.988374"], ["updated_at", "2022-11-30 14:05:13.988374"]]
  [1m[36mTRANSACTION (4.1ms)[0m  [1m[36mcommit transaction[0m
  [1m[36mTRANSACTION (0.0ms)[0m  [1m[36mbegin transaction[0m
  [1m[36mBranch Create (0.3ms)[0m  [1m[32mINSERT INTO "branches" ("name", "address", "telephone", "created_at", "updated_at") VALUES (?, ?, ?, ?, ?)[0m  [["name", "Smith, Jast and Lind"], ["address", "12213 Boyer Rapids, Bradtkefort, WY 23377-3370"], ["telephone", 574], ["created_at", "2022-11-30 14:05:13.997457"], ["updated_at", "2022-11-30 14:05:13.997457"]]
  [1m[36mTRANSACTION (4.2ms)[0m  [1m[36mcommit transaction[0m
  [1m[36mTRANSACTION (0.0ms)[0m  [1m[36mbegin transaction[0m
  [1m[36mBranch Load (0.1ms)[0m  [1m[34mSELECT "branches".* FROM "branches" WHERE "branches"."id" = ? LIMIT ?[0m  [["id", 9], ["LIMIT", 1]]
  [1m[36mSchedule Exists? (0.1ms)[0m  [1m[34mSELECT 1 AS one FROM "schedules" WHERE "schedules"."day" = ? AND "schedules"."branch_id" = ? LIMIT ?[0m  [["day", "Domingo"], ["branch_id", 9], ["LIMIT", 1]]
  [1m[36mSchedule Create (0.2ms)[0m  [1m[32mINSERT INTO "schedules" ("branch_id", "day", "start_time", "end_time", "created_at", "updated_at") VALUES (?, ?, ?, ?, ?, ?)[0m  [["branch_id", 9], ["day", "Domingo"], ["start_time", "2000-01-01 09:00:00"], ["end_time", "2000-01-01 15:00:00"], ["created_at", "2022-11-30 14:05:14.013242"], ["updated_at", "2022-11-30 14:05:14.013242"]]
  [1m[36mTRANSACTION (4.3ms)[0m  [1m[36mcommit transaction[0m
  [1m[36mTRANSACTION (0.0ms)[0m  [1m[36mbegin transaction[0m
  [1m[36mBranch Load (0.1ms)[0m  [1m[34mSELECT "branches".* FROM "branches" WHERE "branches"."id" = ? LIMIT ?[0m  [["id", 9], ["LIMIT", 1]]
  [1m[36mSchedule Exists? (0.1ms)[0m  [1m[34mSELECT 1 AS one FROM "schedules" WHERE "schedules"."day" = ? AND "schedules"."branch_id" = ? LIMIT ?[0m  [["day", "Sabado"], ["branch_id", 9], ["LIMIT", 1]]
  [1m[36mSchedule Create (0.2ms)[0m  [1m[32mINSERT INTO "schedules" ("branch_id", "day", "start_time", "end_time", "created_at", "updated_at") VALUES (?, ?, ?, ?, ?, ?)[0m  [["branch_id", 9], ["day", "Sabado"], ["start_time", "2000-01-01 10:00:00"], ["end_time", "2000-01-01 13:00:00"], ["created_at", "2022-11-30 14:05:14.027324"], ["updated_at", "2022-11-30 14:05:14.027324"]]
  [1m[36mTRANSACTION (4.4ms)[0m  [1m[36mcommit transaction[0m
  [1m[36mTRANSACTION (0.0ms)[0m  [1m[36mbegin transaction[0m
  [1m[36mBranch Load (0.1ms)[0m  [1m[34mSELECT "branches".* FROM "branches" WHERE "branches"."id" = ? LIMIT ?[0m  [["id", 9], ["LIMIT", 1]]
  [1m[36mSchedule Exists? (0.1ms)[0m  [1m[34mSELECT 1 AS one FROM "schedules" WHERE "schedules"."day" = ? AND "schedules"."branch_id" = ? LIMIT ?[0m  [["day", "Viernes"], ["branch_id", 9], ["LIMIT", 1]]
  [1m[36mSchedule Create (0.4ms)[0m  [1m[32mINSERT INTO "schedules" ("branch_id", "day", "start_time", "end_time", "created_at", "updated_at") VALUES (?, ?, ?, ?, ?, ?)[0m  [["branch_id", 9], ["day", "Viernes"], ["start_time", "2000-01-01 12:00:00"], ["end_time", "2000-01-01 14:00:00"], ["created_at", "2022-11-30 14:05:14.040867"], ["updated_at", "2022-11-30 14:05:14.040867"]]
  [1m[36mTRANSACTION (4.4ms)[0m  [1m[36mcommit transaction[0m
  [1m[36mTRANSACTION (0.0ms)[0m  [1m[36mbegin transaction[0m
  [1m[36mBranch Load (0.1ms)[0m  [1m[34mSELECT "branches".* FROM "branches" WHERE "branches"."id" = ? LIMIT ?[0m  [["id", 9], ["LIMIT", 1]]
  [1m[36mSchedule Exists? (0.1ms)[0m  [1m[34mSELECT 1 AS one FROM "schedules" WHERE "schedules"."day" = ? AND "schedules"."branch_id" = ? LIMIT ?[0m  [["day", "Jueves"], ["branch_id", 9], ["LIMIT", 1]]
  [1m[36mSchedule Create (0.3ms)[0m  [1m[32mINSERT INTO "schedules" ("branch_id", "day", "start_time", "end_time", "created_at", "updated_at") VALUES (?, ?, ?, ?, ?, ?)[0m  [["branch_id", 9], ["day", "Jueves"], ["start_time", "2000-01-01 09:00:00"], ["end_time", "2000-01-01 15:00:00"], ["created_at", "2022-11-30 14:05:14.054499"], ["updated_at", "2022-11-30 14:05:14.054499"]]
  [1m[36mTRANSACTION (3.9ms)[0m  [1m[36mcommit transaction[0m
  [1m[36mTRANSACTION (0.1ms)[0m  [1m[36mbegin transaction[0m
  [1m[36mBranch Load (0.1ms)[0m  [1m[34mSELECT "branches".* FROM "branches" WHERE "branches"."id" = ? LIMIT ?[0m  [["id", 9], ["LIMIT", 1]]
  [1m[36mSchedule Exists? (0.1ms)[0m  [1m[34mSELECT 1 AS one FROM "schedules" WHERE "schedules"."day" = ? AND "schedules"."branch_id" = ? LIMIT ?[0m  [["day", "Miercoles"], ["branch_id", 9], ["LIMIT", 1]]
  [1m[36mSchedule Create (0.2ms)[0m  [1m[32mINSERT INTO "schedules" ("branch_id", "day", "start_time", "end_time", "created_at", "updated_at") VALUES (?, ?, ?, ?, ?, ?)[0m  [["branch_id", 9], ["day", "Miercoles"], ["start_time", "2000-01-01 10:00:00"], ["end_time", "2000-01-01 13:00:00"], ["created_at", "2022-11-30 14:05:14.068643"], ["updated_at", "2022-11-30 14:05:14.068643"]]
  [1m[36mTRANSACTION (4.2ms)[0m  [1m[36mcommit transaction[0m
  [1m[36mTRANSACTION (0.1ms)[0m  [1m[36mbegin transaction[0m
  [1m[36mBranch Create (0.2ms)[0m  [1m[32mINSERT INTO "branches" ("name", "address", "telephone", "created_at", "updated_at") VALUES (?, ?, ?, ?, ?)[0m  [["name", "Oberbrunner, Heidenreich and Casper"], ["address", "114 Tim Throughway, South Dexter, SD 88491"], ["telephone", 872], ["created_at", "2022-11-30 14:05:14.077970"], ["updated_at", "2022-11-30 14:05:14.077970"]]
  [1m[36mTRANSACTION (4.4ms)[0m  [1m[36mcommit transaction[0m
  [1m[36mTRANSACTION (0.0ms)[0m  [1m[36mbegin transaction[0m
  [1m[36mBranch Load (0.1ms)[0m  [1m[34mSELECT "branches".* FROM "branches" WHERE "branches"."id" = ? LIMIT ?[0m  [["id", 10], ["LIMIT", 1]]
  [1m[36mSchedule Exists? (0.2ms)[0m  [1m[34mSELECT 1 AS one FROM "schedules" WHERE "schedules"."day" = ? AND "schedules"."branch_id" = ? LIMIT ?[0m  [["day", "Domingo"], ["branch_id", 10], ["LIMIT", 1]]
  [1m[36mSchedule Create (0.2ms)[0m  [1m[32mINSERT INTO "schedules" ("branch_id", "day", "start_time", "end_time", "created_at", "updated_at") VALUES (?, ?, ?, ?, ?, ?)[0m  [["branch_id", 10], ["day", "Domingo"], ["start_time", "2000-01-01 09:00:00"], ["end_time", "2000-01-01 17:00:00"], ["created_at", "2022-11-30 14:05:14.093931"], ["updated_at", "2022-11-30 14:05:14.093931"]]
  [1m[36mTRANSACTION (4.1ms)[0m  [1m[36mcommit transaction[0m
  [1m[36mTRANSACTION (0.1ms)[0m  [1m[36mbegin transaction[0m
  [1m[36mBranch Load (0.1ms)[0m  [1m[34mSELECT "branches".* FROM "branches" WHERE "branches"."id" = ? LIMIT ?[0m  [["id", 10], ["LIMIT", 1]]
  [1m[36mSchedule Exists? (0.1ms)[0m  [1m[34mSELECT 1 AS one FROM "schedules" WHERE "schedules"."day" = ? AND "schedules"."branch_id" = ? LIMIT ?[0m  [["day", "Sabado"], ["branch_id", 10], ["LIMIT", 1]]
  [1m[36mSchedule Create (0.2ms)[0m  [1m[32mINSERT INTO "schedules" ("branch_id", "day", "start_time", "end_time", "created_at", "updated_at") VALUES (?, ?, ?, ?, ?, ?)[0m  [["branch_id", 10], ["day", "Sabado"], ["start_time", "2000-01-01 12:00:00"], ["end_time", "2000-01-01 16:00:00"], ["created_at", "2022-11-30 14:05:14.108583"], ["updated_at", "2022-11-30 14:05:14.108583"]]
  [1m[36mTRANSACTION (4.1ms)[0m  [1m[36mcommit transaction[0m
  [1m[36mTRANSACTION (0.0ms)[0m  [1m[36mbegin transaction[0m
  [1m[36mBranch Load (0.1ms)[0m  [1m[34mSELECT "branches".* FROM "branches" WHERE "branches"."id" = ? LIMIT ?[0m  [["id", 10], ["LIMIT", 1]]
  [1m[36mSchedule Exists? (0.1ms)[0m  [1m[34mSELECT 1 AS one FROM "schedules" WHERE "schedules"."day" = ? AND "schedules"."branch_id" = ? LIMIT ?[0m  [["day", "Viernes"], ["branch_id", 10], ["LIMIT", 1]]
  [1m[36mSchedule Create (0.3ms)[0m  [1m[32mINSERT INTO "schedules" ("branch_id", "day", "start_time", "end_time", "created_at", "updated_at") VALUES (?, ?, ?, ?, ?, ?)[0m  [["branch_id", 10], ["day", "Viernes"], ["start_time", "2000-01-01 10:00:00"], ["end_time", "2000-01-01 15:00:00"], ["created_at", "2022-11-30 14:05:14.121505"], ["updated_at", "2022-11-30 14:05:14.121505"]]
  [1m[36mTRANSACTION (4.2ms)[0m  [1m[36mcommit transaction[0m
  [1m[36mTRANSACTION (0.0ms)[0m  [1m[36mbegin transaction[0m
  [1m[36mBranch Load (0.1ms)[0m  [1m[34mSELECT "branches".* FROM "branches" WHERE "branches"."id" = ? LIMIT ?[0m  [["id", 10], ["LIMIT", 1]]
  [1m[36mSchedule Exists? (0.1ms)[0m  [1m[34mSELECT 1 AS one FROM "schedules" WHERE "schedules"."day" = ? AND "schedules"."branch_id" = ? LIMIT ?[0m  [["day", "Jueves"], ["branch_id", 10], ["LIMIT", 1]]
  [1m[36mSchedule Create (0.2ms)[0m  [1m[32mINSERT INTO "schedules" ("branch_id", "day", "start_time", "end_time", "created_at", "updated_at") VALUES (?, ?, ?, ?, ?, ?)[0m  [["branch_id", 10], ["day", "Jueves"], ["start_time", "2000-01-01 11:00:00"], ["end_time", "2000-01-01 16:00:00"], ["created_at", "2022-11-30 14:05:14.135792"], ["updated_at", "2022-11-30 14:05:14.135792"]]
  [1m[36mTRANSACTION (4.1ms)[0m  [1m[36mcommit transaction[0m
  [1m[36mTRANSACTION (0.0ms)[0m  [1m[36mbegin transaction[0m
  [1m[36mBranch Load (0.1ms)[0m  [1m[34mSELECT "branches".* FROM "branches" WHERE "branches"."id" = ? LIMIT ?[0m  [["id", 10], ["LIMIT", 1]]
  [1m[36mSchedule Exists? (0.1ms)[0m  [1m[34mSELECT 1 AS one FROM "schedules" WHERE "schedules"."day" = ? AND "schedules"."branch_id" = ? LIMIT ?[0m  [["day", "Miercoles"], ["branch_id", 10], ["LIMIT", 1]]
  [1m[36mSchedule Create (0.2ms)[0m  [1m[32mINSERT INTO "schedules" ("branch_id", "day", "start_time", "end_time", "created_at", "updated_at") VALUES (?, ?, ?, ?, ?, ?)[0m  [["branch_id", 10], ["day", "Miercoles"], ["start_time", "2000-01-01 12:00:00"], ["end_time", "2000-01-01 13:00:00"], ["created_at", "2022-11-30 14:05:14.149627"], ["updated_at", "2022-11-30 14:05:14.149627"]]
  [1m[36mTRANSACTION (4.2ms)[0m  [1m[36mcommit transaction[0m
  [1m[36mTRANSACTION (0.1ms)[0m  [1m[36mbegin transaction[0m
  [1m[36mUser Exists? (0.2ms)[0m  [1m[34mSELECT 1 AS one FROM "users" WHERE "users"."email" = ? LIMIT ?[0m  [["email", "ellena@boehm.co"], ["LIMIT", 1]]
  [1m[36mUser Create (0.3ms)[0m  [1m[32mINSERT INTO "users" ("branch_id", "role", "email", "encrypted_password", "reset_password_token", "reset_password_sent_at", "remember_created_at", "sign_in_count", "current_sign_in_at", "last_sign_in_at", "current_sign_in_ip", "last_sign_in_ip", "created_at", "updated_at") VALUES (?, ?, ?, ?, ?, ?, ?, ?, ?, ?, ?, ?, ?, ?)[0m  [["branch_id", nil], ["role", 0], ["email", "ellena@boehm.co"], ["encrypted_password", "[FILTERED]"], ["reset_password_token", "[FILTERED]"], ["reset_password_sent_at", "[FILTERED]"], ["remember_created_at", nil], ["sign_in_count", 0], ["current_sign_in_at", nil], ["last_sign_in_at", nil], ["current_sign_in_ip", nil], ["last_sign_in_ip", nil], ["created_at", "2022-11-30 14:05:14.394550"], ["updated_at", "2022-11-30 14:05:14.394550"]]
  [1m[36mTRANSACTION (4.6ms)[0m  [1m[36mcommit transaction[0m
  [1m[36mTRANSACTION (0.1ms)[0m  [1m[36mbegin transaction[0m
  [1m[36mUser Exists? (0.2ms)[0m  [1m[34mSELECT 1 AS one FROM "users" WHERE "users"."email" = ? LIMIT ?[0m  [["email", "soledad.kuvalis@gorczany.org"], ["LIMIT", 1]]
  [1m[36mUser Create (0.5ms)[0m  [1m[32mINSERT INTO "users" ("branch_id", "role", "email", "encrypted_password", "reset_password_token", "reset_password_sent_at", "remember_created_at", "sign_in_count", "current_sign_in_at", "last_sign_in_at", "current_sign_in_ip", "last_sign_in_ip", "created_at", "updated_at") VALUES (?, ?, ?, ?, ?, ?, ?, ?, ?, ?, ?, ?, ?, ?)[0m  [["branch_id", nil], ["role", 1], ["email", "soledad.kuvalis@gorczany.org"], ["encrypted_password", "[FILTERED]"], ["reset_password_token", "[FILTERED]"], ["reset_password_sent_at", "[FILTERED]"], ["remember_created_at", nil], ["sign_in_count", 0], ["current_sign_in_at", nil], ["last_sign_in_at", nil], ["current_sign_in_ip", nil], ["last_sign_in_ip", nil], ["created_at", "2022-11-30 14:05:14.656584"], ["updated_at", "2022-11-30 14:05:14.656584"]]
  [1m[36mTRANSACTION (4.0ms)[0m  [1m[36mcommit transaction[0m
  [1m[36mTRANSACTION (0.1ms)[0m  [1m[36mbegin transaction[0m
  [1m[36mUser Exists? (0.2ms)[0m  [1m[34mSELECT 1 AS one FROM "users" WHERE "users"."email" = ? LIMIT ?[0m  [["email", "armand_mcdermott@bergstrom.io"], ["LIMIT", 1]]
  [1m[36mUser Create (0.3ms)[0m  [1m[32mINSERT INTO "users" ("branch_id", "role", "email", "encrypted_password", "reset_password_token", "reset_password_sent_at", "remember_created_at", "sign_in_count", "current_sign_in_at", "last_sign_in_at", "current_sign_in_ip", "last_sign_in_ip", "created_at", "updated_at") VALUES (?, ?, ?, ?, ?, ?, ?, ?, ?, ?, ?, ?, ?, ?)[0m  [["branch_id", nil], ["role", 0], ["email", "armand_mcdermott@bergstrom.io"], ["encrypted_password", "[FILTERED]"], ["reset_password_token", "[FILTERED]"], ["reset_password_sent_at", "[FILTERED]"], ["remember_created_at", nil], ["sign_in_count", 0], ["current_sign_in_at", nil], ["last_sign_in_at", nil], ["current_sign_in_ip", nil], ["last_sign_in_ip", nil], ["created_at", "2022-11-30 14:05:14.893557"], ["updated_at", "2022-11-30 14:05:14.893557"]]
  [1m[36mTRANSACTION (5.3ms)[0m  [1m[36mcommit transaction[0m
  [1m[36mTRANSACTION (0.1ms)[0m  [1m[36mbegin transaction[0m
  [1m[36mUser Exists? (0.2ms)[0m  [1m[34mSELECT 1 AS one FROM "users" WHERE "users"."email" = ? LIMIT ?[0m  [["email", "sydney@schowalter.co"], ["LIMIT", 1]]
  [1m[36mUser Create (0.3ms)[0m  [1m[32mINSERT INTO "users" ("branch_id", "role", "email", "encrypted_password", "reset_password_token", "reset_password_sent_at", "remember_created_at", "sign_in_count", "current_sign_in_at", "last_sign_in_at", "current_sign_in_ip", "last_sign_in_ip", "created_at", "updated_at") VALUES (?, ?, ?, ?, ?, ?, ?, ?, ?, ?, ?, ?, ?, ?)[0m  [["branch_id", nil], ["role", 0], ["email", "sydney@schowalter.co"], ["encrypted_password", "[FILTERED]"], ["reset_password_token", "[FILTERED]"], ["reset_password_sent_at", "[FILTERED]"], ["remember_created_at", nil], ["sign_in_count", 0], ["current_sign_in_at", nil], ["last_sign_in_at", nil], ["current_sign_in_ip", nil], ["last_sign_in_ip", nil], ["created_at", "2022-11-30 14:05:15.116449"], ["updated_at", "2022-11-30 14:05:15.116449"]]
  [1m[36mTRANSACTION (4.5ms)[0m  [1m[36mcommit transaction[0m
  [1m[36mTRANSACTION (0.1ms)[0m  [1m[36mbegin transaction[0m
  [1m[36mUser Exists? (0.1ms)[0m  [1m[34mSELECT 1 AS one FROM "users" WHERE "users"."email" = ? LIMIT ?[0m  [["email", "randy@oconner.net"], ["LIMIT", 1]]
  [1m[36mUser Create (0.4ms)[0m  [1m[32mINSERT INTO "users" ("branch_id", "role", "email", "encrypted_password", "reset_password_token", "reset_password_sent_at", "remember_created_at", "sign_in_count", "current_sign_in_at", "last_sign_in_at", "current_sign_in_ip", "last_sign_in_ip", "created_at", "updated_at") VALUES (?, ?, ?, ?, ?, ?, ?, ?, ?, ?, ?, ?, ?, ?)[0m  [["branch_id", nil], ["role", 0], ["email", "randy@oconner.net"], ["encrypted_password", "[FILTERED]"], ["reset_password_token", "[FILTERED]"], ["reset_password_sent_at", "[FILTERED]"], ["remember_created_at", nil], ["sign_in_count", 0], ["current_sign_in_at", nil], ["last_sign_in_at", nil], ["current_sign_in_ip", nil], ["last_sign_in_ip", nil], ["created_at", "2022-11-30 14:05:15.339559"], ["updated_at", "2022-11-30 14:05:15.339559"]]
  [1m[36mTRANSACTION (4.2ms)[0m  [1m[36mcommit transaction[0m
  [1m[36mTRANSACTION (0.1ms)[0m  [1m[36mbegin transaction[0m
  [1m[36mUser Exists? (0.1ms)[0m  [1m[34mSELECT 1 AS one FROM "users" WHERE "users"."email" = ? LIMIT ?[0m  [["email", "raleigh@bode.io"], ["LIMIT", 1]]
  [1m[36mUser Create (0.2ms)[0m  [1m[32mINSERT INTO "users" ("branch_id", "role", "email", "encrypted_password", "reset_password_token", "reset_password_sent_at", "remember_created_at", "sign_in_count", "current_sign_in_at", "last_sign_in_at", "current_sign_in_ip", "last_sign_in_ip", "created_at", "updated_at") VALUES (?, ?, ?, ?, ?, ?, ?, ?, ?, ?, ?, ?, ?, ?)[0m  [["branch_id", nil], ["role", 0], ["email", "raleigh@bode.io"], ["encrypted_password", "[FILTERED]"], ["reset_password_token", "[FILTERED]"], ["reset_password_sent_at", "[FILTERED]"], ["remember_created_at", nil], ["sign_in_count", 0], ["current_sign_in_at", nil], ["last_sign_in_at", nil], ["current_sign_in_ip", nil], ["last_sign_in_ip", nil], ["created_at", "2022-11-30 14:05:15.558405"], ["updated_at", "2022-11-30 14:05:15.558405"]]
  [1m[36mTRANSACTION (4.7ms)[0m  [1m[36mcommit transaction[0m
  [1m[36mTRANSACTION (0.1ms)[0m  [1m[36mbegin transaction[0m
  [1m[36mUser Exists? (0.1ms)[0m  [1m[34mSELECT 1 AS one FROM "users" WHERE "users"."email" = ? LIMIT ?[0m  [["email", "sacha_pouros@keeling.info"], ["LIMIT", 1]]
  [1m[36mUser Create (0.4ms)[0m  [1m[32mINSERT INTO "users" ("branch_id", "role", "email", "encrypted_password", "reset_password_token", "reset_password_sent_at", "remember_created_at", "sign_in_count", "current_sign_in_at", "last_sign_in_at", "current_sign_in_ip", "last_sign_in_ip", "created_at", "updated_at") VALUES (?, ?, ?, ?, ?, ?, ?, ?, ?, ?, ?, ?, ?, ?)[0m  [["branch_id", nil], ["role", 0], ["email", "sacha_pouros@keeling.info"], ["encrypted_password", "[FILTERED]"], ["reset_password_token", "[FILTERED]"], ["reset_password_sent_at", "[FILTERED]"], ["remember_created_at", nil], ["sign_in_count", 0], ["current_sign_in_at", nil], ["last_sign_in_at", nil], ["current_sign_in_ip", nil], ["last_sign_in_ip", nil], ["created_at", "2022-11-30 14:05:15.770622"], ["updated_at", "2022-11-30 14:05:15.770622"]]
  [1m[36mTRANSACTION (3.9ms)[0m  [1m[36mcommit transaction[0m
  [1m[36mTRANSACTION (0.1ms)[0m  [1m[36mbegin transaction[0m
  [1m[36mUser Exists? (0.1ms)[0m  [1m[34mSELECT 1 AS one FROM "users" WHERE "users"."email" = ? LIMIT ?[0m  [["email", "dennise.roberts@feil.com"], ["LIMIT", 1]]
  [1m[36mUser Create (0.3ms)[0m  [1m[32mINSERT INTO "users" ("branch_id", "role", "email", "encrypted_password", "reset_password_token", "reset_password_sent_at", "remember_created_at", "sign_in_count", "current_sign_in_at", "last_sign_in_at", "current_sign_in_ip", "last_sign_in_ip", "created_at", "updated_at") VALUES (?, ?, ?, ?, ?, ?, ?, ?, ?, ?, ?, ?, ?, ?)[0m  [["branch_id", nil], ["role", 1], ["email", "dennise.roberts@feil.com"], ["encrypted_password", "[FILTERED]"], ["reset_password_token", "[FILTERED]"], ["reset_password_sent_at", "[FILTERED]"], ["remember_created_at", nil], ["sign_in_count", 0], ["current_sign_in_at", nil], ["last_sign_in_at", nil], ["current_sign_in_ip", nil], ["last_sign_in_ip", nil], ["created_at", "2022-11-30 14:05:15.977726"], ["updated_at", "2022-11-30 14:05:15.977726"]]
  [1m[36mTRANSACTION (3.9ms)[0m  [1m[36mcommit transaction[0m
  [1m[36mTRANSACTION (0.1ms)[0m  [1m[36mbegin transaction[0m
  [1m[36mUser Exists? (0.1ms)[0m  [1m[34mSELECT 1 AS one FROM "users" WHERE "users"."email" = ? LIMIT ?[0m  [["email", "lanette@cummerata-sporer.com"], ["LIMIT", 1]]
  [1m[36mUser Create (0.3ms)[0m  [1m[32mINSERT INTO "users" ("branch_id", "role", "email", "encrypted_password", "reset_password_token", "reset_password_sent_at", "remember_created_at", "sign_in_count", "current_sign_in_at", "last_sign_in_at", "current_sign_in_ip", "last_sign_in_ip", "created_at", "updated_at") VALUES (?, ?, ?, ?, ?, ?, ?, ?, ?, ?, ?, ?, ?, ?)[0m  [["branch_id", nil], ["role", 0], ["email", "lanette@cummerata-sporer.com"], ["encrypted_password", "[FILTERED]"], ["reset_password_token", "[FILTERED]"], ["reset_password_sent_at", "[FILTERED]"], ["remember_created_at", nil], ["sign_in_count", 0], ["current_sign_in_at", nil], ["last_sign_in_at", nil], ["current_sign_in_ip", nil], ["last_sign_in_ip", nil], ["created_at", "2022-11-30 14:05:16.195034"], ["updated_at", "2022-11-30 14:05:16.195034"]]
  [1m[36mTRANSACTION (4.2ms)[0m  [1m[36mcommit transaction[0m
  [1m[36mTRANSACTION (0.1ms)[0m  [1m[36mbegin transaction[0m
  [1m[36mBranch Load (0.1ms)[0m  [1m[34mSELECT "branches".* FROM "branches" WHERE "branches"."id" = ? LIMIT ?[0m  [["id", 3], ["LIMIT", 1]]
  [1m[36mUser Exists? (0.1ms)[0m  [1m[34mSELECT 1 AS one FROM "users" WHERE "users"."email" = ? LIMIT ?[0m  [["email", "agustin.considine@bosco.name"], ["LIMIT", 1]]
  [1m[36mUser Create (0.2ms)[0m  [1m[32mINSERT INTO "users" ("branch_id", "role", "email", "encrypted_password", "reset_password_token", "reset_password_sent_at", "remember_created_at", "sign_in_count", "current_sign_in_at", "last_sign_in_at", "current_sign_in_ip", "last_sign_in_ip", "created_at", "updated_at") VALUES (?, ?, ?, ?, ?, ?, ?, ?, ?, ?, ?, ?, ?, ?)[0m  [["branch_id", 3], ["role", 2], ["email", "agustin.considine@bosco.name"], ["encrypted_password", "[FILTERED]"], ["reset_password_token", "[FILTERED]"], ["reset_password_sent_at", "[FILTERED]"], ["remember_created_at", nil], ["sign_in_count", 0], ["current_sign_in_at", nil], ["last_sign_in_at", nil], ["current_sign_in_ip", nil], ["last_sign_in_ip", nil], ["created_at", "2022-11-30 14:05:16.407576"], ["updated_at", "2022-11-30 14:05:16.407576"]]
  [1m[36mTRANSACTION (4.4ms)[0m  [1m[36mcommit transaction[0m
  [1m[36mTRANSACTION (0.1ms)[0m  [1m[36mbegin transaction[0m
  [1m[36mUser Exists? (0.1ms)[0m  [1m[34mSELECT 1 AS one FROM "users" WHERE "users"."email" = ? LIMIT ?[0m  [["email", "admin@admin.com"], ["LIMIT", 1]]
  [1m[36mUser Create (0.3ms)[0m  [1m[32mINSERT INTO "users" ("branch_id", "role", "email", "encrypted_password", "reset_password_token", "reset_password_sent_at", "remember_created_at", "sign_in_count", "current_sign_in_at", "last_sign_in_at", "current_sign_in_ip", "last_sign_in_ip", "created_at", "updated_at") VALUES (?, ?, ?, ?, ?, ?, ?, ?, ?, ?, ?, ?, ?, ?)[0m  [["branch_id", nil], ["role", 1], ["email", "admin@admin.com"], ["encrypted_password", "[FILTERED]"], ["reset_password_token", "[FILTERED]"], ["reset_password_sent_at", "[FILTERED]"], ["remember_created_at", nil], ["sign_in_count", 0], ["current_sign_in_at", nil], ["last_sign_in_at", nil], ["current_sign_in_ip", nil], ["last_sign_in_ip", nil], ["created_at", "2022-11-30 14:05:16.622098"], ["updated_at", "2022-11-30 14:05:16.622098"]]
  [1m[36mTRANSACTION (4.2ms)[0m  [1m[36mcommit transaction[0m
Started GET "/devise/users/sign_in" for 127.0.0.1 at 2022-11-30 14:27:02 -0300
  [1m[36mActiveRecord::SchemaMigration Pluck (0.4ms)[0m  [1m[34mSELECT "schema_migrations"."version" FROM "schema_migrations" ORDER BY "schema_migrations"."version" ASC[0m
Processing by Users::SessionsController#new as HTML
Started GET "/rails/info/routes?path=/dev" for 127.0.0.1 at 2022-11-30 14:27:02 -0300
  Rendering layout layouts/application.html.erb
  Rendering devise/sessions/new.html.erb within layouts/application
Processing by Rails::InfoController#routes as */*
  Parameters: {"path"=>"/dev"}
Completed 200 OK in 7ms (Views: 0.5ms | ActiveRecord: 0.0ms | Allocations: 3793)
